{
  "RSpec": {
    "coverage": {
      "/home/brave-mapping-9450/tic-tac-toe-rb-online-web-sp-000/lib/tic_tac_toe.rb": [
        null,
        1,
        null,
        null,
        null,
        null,
        null,
        null,
        null,
        null,
        null,
        1,
        21,
        21,
        21,
        21,
        21,
        null,
        null,
        1,
        20,
        20,
        20,
        null,
        null,
        1,
        20,
        20,
        null,
        null,
        1,
        22,
        19,
        null,
        3,
        null,
        null,
        null,
        1,
        20,
        17,
        null,
        null,
        null,
        1,
        2,
        2,
        18,
        5,
        null,
        null,
        2,
        null,
        null,
        1,
        1,
        1,
        1,
        null,
        0,
        null,
        null,
        null,
        1,
        17,
        17,
        17,
        17,
        16,
        16,
        null,
        1,
        null,
        null,
        null,
        1,
        18,
        110,
        110,
        110,
        110,
        110,
        110,
        110,
        6,
        104,
        2,
        null,
        102,
        null,
        null,
        10,
        null,
        null,
        1,
        300,
        22,
        null,
        8,
        null,
        null,
        null,
        null,
        1,
        11,
        1,
        null,
        10,
        null,
        null,
        null,
        1,
        18,
        4,
        14,
        5,
        9,
        1,
        null,
        8,
        null,
        null,
        null,
        1,
        3,
        3,
        2,
        1,
        1,
        1,
        1,
        1,
        null,
        null,
        null,
        null,
        1,
        12,
        14,
        null,
        null
      ]
    },
    "timestamp": 1607709029
  }
}
