{
  "RSpec": {
    "coverage": {
      "/home/brave-mapping-9450/tic-tac-toe-rb-online-web-sp-000/lib/tic_tac_toe.rb": [
        null,
        1,
        null,
        null,
        null,
        null,
        null,
        null,
        null,
        null,
        null,
        1,
        5,
        5,
        5,
        5,
        5,
        null,
        null,
        1,
        3,
        3,
        3,
        null,
        null,
        1,
        4,
        4,
        null
      ]
    },
    "timestamp": 1607707143
  }
}
